make[1] : on entre dans le répertoire « /home/user/Desktop/Proget-AG »
rm -rf debug release debug-teacher release-teacher
LANG=C g++ -c -Wall -Wunused -Wfloat-equal -Wparentheses -Wundef -Wextra -Wwrite-strings -fdiagnostics-show-option -Wno-unused-parameter  -Iinclude -fPIC -mtune=native -march=native  -g3 -ggdb3 -DDEBUG -fno-strict-aliasing `wx-config --cxxflags` -o debug/AssertException.cpp.o src/AssertException.cpp
LANG=C g++ -c -Wall -Wunused -Wfloat-equal -Wparentheses -Wundef -Wextra -Wwrite-strings -fdiagnostics-show-option -Wno-unused-parameter  -Iinclude -fPIC -mtune=native -march=native  -g3 -ggdb3 -DDEBUG -fno-strict-aliasing `wx-config --cxxflags` -o debug/BufferBase.cpp.o src/BufferBase.cpp
LANG=C g++ -c -Wall -Wunused -Wfloat-equal -Wparentheses -Wundef -Wextra -Wwrite-strings -fdiagnostics-show-option -Wno-unused-parameter  -Iinclude -fPIC -mtune=native -march=native  -g3 -ggdb3 -DDEBUG -fno-strict-aliasing `wx-config --cxxflags` -o debug/Camera.cpp.o src/Camera.cpp
LANG=C g++ -c -Wall -Wunused -Wfloat-equal -Wparentheses -Wundef -Wextra -Wwrite-strings -fdiagnostics-show-option -Wno-unused-parameter  -Iinclude -fPIC -mtune=native -march=native  -g3 -ggdb3 -DDEBUG -fno-strict-aliasing `wx-config --cxxflags` -o debug/DataComprime.cpp.o src/DataComprime.cpp
LANG=C g++ -c -Wall -Wunused -Wfloat-equal -Wparentheses -Wundef -Wextra -Wwrite-strings -fdiagnostics-show-option -Wno-unused-parameter  -Iinclude -fPIC -mtune=native -march=native  -g3 -ggdb3 -DDEBUG -fno-strict-aliasing `wx-config --cxxflags` -o debug/DataDuck.cpp.o src/DataDuck.cpp
LANG=C g++ -c -Wall -Wunused -Wfloat-equal -Wparentheses -Wundef -Wextra -Wwrite-strings -fdiagnostics-show-option -Wno-unused-parameter  -Iinclude -fPIC -mtune=native -march=native  -g3 -ggdb3 -DDEBUG -fno-strict-aliasing `wx-config --cxxflags` -o debug/DataEtoile.cpp.o src/DataEtoile.cpp
LANG=C g++ -c -Wall -Wunused -Wfloat-equal -Wparentheses -Wundef -Wextra -Wwrite-strings -fdiagnostics-show-option -Wno-unused-parameter  -Iinclude -fPIC -mtune=native -march=native  -g3 -ggdb3 -DDEBUG -fno-strict-aliasing `wx-config --cxxflags` -o debug/DataNoeud.cpp.o src/DataNoeud.cpp
LANG=C g++ -c -Wall -Wunused -Wfloat-equal -Wparentheses -Wundef -Wextra -Wwrite-strings -fdiagnostics-show-option -Wno-unused-parameter  -Iinclude -fPIC -mtune=native -march=native  -g3 -ggdb3 -DDEBUG -fno-strict-aliasing `wx-config --cxxflags` -o debug/DataPolytechLogo.cpp.o src/DataPolytechLogo.cpp
LANG=C g++ -c -Wall -Wunused -Wfloat-equal -Wparentheses -Wundef -Wextra -Wwrite-strings -fdiagnostics-show-option -Wno-unused-parameter  -Iinclude -fPIC -mtune=native -march=native  -g3 -ggdb3 -DDEBUG -fno-strict-aliasing `wx-config --cxxflags` -o debug/DataSphere.cpp.o src/DataSphere.cpp
LANG=C g++ -c -Wall -Wunused -Wfloat-equal -Wparentheses -Wundef -Wextra -Wwrite-strings -fdiagnostics-show-option -Wno-unused-parameter  -Iinclude -fPIC -mtune=native -march=native  -g3 -ggdb3 -DDEBUG -fno-strict-aliasing `wx-config --cxxflags` -o debug/DataTeapot.cpp.o src/DataTeapot.cpp
LANG=C g++ -c -Wall -Wunused -Wfloat-equal -Wparentheses -Wundef -Wextra -Wwrite-strings -fdiagnostics-show-option -Wno-unused-parameter  -Iinclude -fPIC -mtune=native -march=native  -g3 -ggdb3 -DDEBUG -fno-strict-aliasing `wx-config --cxxflags` -o debug/DataTete.cpp.o src/DataTete.cpp
LANG=C g++ -c -Wall -Wunused -Wfloat-equal -Wparentheses -Wundef -Wextra -Wwrite-strings -fdiagnostics-show-option -Wno-unused-parameter  -Iinclude -fPIC -mtune=native -march=native  -g3 -ggdb3 -DDEBUG -fno-strict-aliasing `wx-config --cxxflags` -o debug/DataTore.cpp.o src/DataTore.cpp
LANG=C g++ -c -Wall -Wunused -Wfloat-equal -Wparentheses -Wundef -Wextra -Wwrite-strings -fdiagnostics-show-option -Wno-unused-parameter  -Iinclude -fPIC -mtune=native -march=native  -g3 -ggdb3 -DDEBUG -fno-strict-aliasing `wx-config --cxxflags` -o debug/Drawable.cpp.o src/Drawable.cpp
LANG=C g++ -c -Wall -Wunused -Wfloat-equal -Wparentheses -Wundef -Wextra -Wwrite-strings -fdiagnostics-show-option -Wno-unused-parameter  -Iinclude -fPIC -mtune=native -march=native  -g3 -ggdb3 -DDEBUG -fno-strict-aliasing `wx-config --cxxflags` -o debug/DrawableInCameraCoordinates.cpp.o src/DrawableInCameraCoordinates.cpp
LANG=C g++ -c -Wall -Wunused -Wfloat-equal -Wparentheses -Wundef -Wextra -Wwrite-strings -fdiagnostics-show-option -Wno-unused-parameter  -Iinclude -fPIC -mtune=native -march=native  -g3 -ggdb3 -DDEBUG -fno-strict-aliasing `wx-config --cxxflags` -o debug/Engine.cpp.o src/Engine.cpp
LANG=C g++ -c -Wall -Wunused -Wfloat-equal -Wparentheses -Wundef -Wextra -Wwrite-strings -fdiagnostics-show-option -Wno-unused-parameter  -Iinclude -fPIC -mtune=native -march=native  -g3 -ggdb3 -DDEBUG -fno-strict-aliasing `wx-config --cxxflags` -o debug/Exception.cpp.o src/Exception.cpp
LANG=C g++ -c -Wall -Wunused -Wfloat-equal -Wparentheses -Wundef -Wextra -Wwrite-strings -fdiagnostics-show-option -Wno-unused-parameter  -Iinclude -fPIC -mtune=native -march=native  -g3 -ggdb3 -DDEBUG -fno-strict-aliasing `wx-config --cxxflags` -o debug/FaceDepthAccessor.cpp.o src/FaceDepthAccessor.cpp
LANG=C g++ -c -Wall -Wunused -Wfloat-equal -Wparentheses -Wundef -Wextra -Wwrite-strings -fdiagnostics-show-option -Wno-unused-parameter  -Iinclude -fPIC -mtune=native -march=native  -g3 -ggdb3 -DDEBUG -fno-strict-aliasing `wx-config --cxxflags` -o debug/FastMath.cpp.o src/FastMath.cpp
LANG=C g++ -c -Wall -Wunused -Wfloat-equal -Wparentheses -Wundef -Wextra -Wwrite-strings -fdiagnostics-show-option -Wno-unused-parameter  -Iinclude -fPIC -mtune=native -march=native  -g3 -ggdb3 -DDEBUG -fno-strict-aliasing `wx-config --cxxflags` -o debug/FrameCounter.cpp.o src/FrameCounter.cpp
LANG=C g++ -c -Wall -Wunused -Wfloat-equal -Wparentheses -Wundef -Wextra -Wwrite-strings -fdiagnostics-show-option -Wno-unused-parameter  -Iinclude -fPIC -mtune=native -march=native  -g3 -ggdb3 -DDEBUG -fno-strict-aliasing `wx-config --cxxflags` -o debug/IllegalArgumentException.cpp.o src/IllegalArgumentException.cpp
LANG=C g++ -c -Wall -Wunused -Wfloat-equal -Wparentheses -Wundef -Wextra -Wwrite-strings -fdiagnostics-show-option -Wno-unused-parameter  -Iinclude -fPIC -mtune=native -march=native  -g3 -ggdb3 -DDEBUG -fno-strict-aliasing `wx-config --cxxflags` -o debug/IndexOutOfBoundsException.cpp.o src/IndexOutOfBoundsException.cpp
LANG=C g++ -c -Wall -Wunused -Wfloat-equal -Wparentheses -Wundef -Wextra -Wwrite-strings -fdiagnostics-show-option -Wno-unused-parameter  -Iinclude -fPIC -mtune=native -march=native  -g3 -ggdb3 -DDEBUG -fno-strict-aliasing `wx-config --cxxflags` -o debug/MainFrame.cpp.o src/MainFrame.cpp
LANG=C g++ -c -Wall -Wunused -Wfloat-equal -Wparentheses -Wundef -Wextra -Wwrite-strings -fdiagnostics-show-option -Wno-unused-parameter  -Iinclude -fPIC -mtune=native -march=native  -g3 -ggdb3 -DDEBUG -fno-strict-aliasing `wx-config --cxxflags` -o debug/Memory.cpp.o src/Memory.cpp
LANG=C g++ -c -Wall -Wunused -Wfloat-equal -Wparentheses -Wundef -Wextra -Wwrite-strings -fdiagnostics-show-option -Wno-unused-parameter  -Iinclude -fPIC -mtune=native -march=native  -g3 -ggdb3 -DDEBUG -fno-strict-aliasing `wx-config --cxxflags` -o debug/MemoryException.cpp.o src/MemoryException.cpp
LANG=C g++ -c -Wall -Wunused -Wfloat-equal -Wparentheses -Wundef -Wextra -Wwrite-strings -fdiagnostics-show-option -Wno-unused-parameter  -Iinclude -fPIC -mtune=native -march=native  -g3 -ggdb3 -DDEBUG -fno-strict-aliasing `wx-config --cxxflags` -o debug/Panel3D.cpp.o src/Panel3D.cpp
LANG=C g++ -c -Wall -Wunused -Wfloat-equal -Wparentheses -Wundef -Wextra -Wwrite-strings -fdiagnostics-show-option -Wno-unused-parameter  -Iinclude -fPIC -mtune=native -march=native  -g3 -ggdb3 -DDEBUG -fno-strict-aliasing `wx-config --cxxflags` -o debug/Piloter.cpp.o src/Piloter.cpp
LANG=C g++ -c -Wall -Wunused -Wfloat-equal -Wparentheses -Wundef -Wextra -Wwrite-strings -fdiagnostics-show-option -Wno-unused-parameter  -Iinclude -fPIC -mtune=native -march=native  -g3 -ggdb3 -DDEBUG -fno-strict-aliasing `wx-config --cxxflags` -o debug/Renderable.cpp.o src/Renderable.cpp
LANG=C g++ -c -Wall -Wunused -Wfloat-equal -Wparentheses -Wundef -Wextra -Wwrite-strings -fdiagnostics-show-option -Wno-unused-parameter  -Iinclude -fPIC -mtune=native -march=native  -g3 -ggdb3 -DDEBUG -fno-strict-aliasing `wx-config --cxxflags` -o debug/RendererBase.cpp.o src/RendererBase.cpp
LANG=C g++ -c -Wall -Wunused -Wfloat-equal -Wparentheses -Wundef -Wextra -Wwrite-strings -fdiagnostics-show-option -Wno-unused-parameter  -Iinclude -fPIC -mtune=native -march=native  -g3 -ggdb3 -DDEBUG -fno-strict-aliasing `wx-config --cxxflags` -o debug/ScanLineComputerBase.cpp.o src/ScanLineComputerBase.cpp
LANG=C g++ -c -Wall -Wunused -Wfloat-equal -Wparentheses -Wundef -Wextra -Wwrite-strings -fdiagnostics-show-option -Wno-unused-parameter  -Iinclude -fPIC -mtune=native -march=native  -g3 -ggdb3 -DDEBUG -fno-strict-aliasing `wx-config --cxxflags` -o debug/ZBufferBase.cpp.o src/ZBufferBase.cpp
LANG=C g++ -c -Wall -Wunused -Wfloat-equal -Wparentheses -Wundef -Wextra -Wwrite-strings -fdiagnostics-show-option -Wno-unused-parameter  -Iinclude -fPIC -mtune=native -march=native  -g3 -ggdb3 -DDEBUG -fno-strict-aliasing `wx-config --cxxflags` -o debug/App.cpp.o srcstudent/App.cpp
LANG=C g++ -c -Wall -Wunused -Wfloat-equal -Wparentheses -Wundef -Wextra -Wwrite-strings -fdiagnostics-show-option -Wno-unused-parameter  -Iinclude -fPIC -mtune=native -march=native  -g3 -ggdb3 -DDEBUG -fno-strict-aliasing `wx-config --cxxflags` -o debug/Buffer.cpp.o srcstudent/Buffer.cpp
LANG=C g++ -c -Wall -Wunused -Wfloat-equal -Wparentheses -Wundef -Wextra -Wwrite-strings -fdiagnostics-show-option -Wno-unused-parameter  -Iinclude -fPIC -mtune=native -march=native  -g3 -ggdb3 -DDEBUG -fno-strict-aliasing `wx-config --cxxflags` -o debug/Renderer.cpp.o srcstudent/Renderer.cpp
LANG=C g++ -c -Wall -Wunused -Wfloat-equal -Wparentheses -Wundef -Wextra -Wwrite-strings -fdiagnostics-show-option -Wno-unused-parameter  -Iinclude -fPIC -mtune=native -march=native  -g3 -ggdb3 -DDEBUG -fno-strict-aliasing `wx-config --cxxflags` -o debug/ScanLineComputer.cpp.o srcstudent/ScanLineComputer.cpp
LANG=C g++ -c -Wall -Wunused -Wfloat-equal -Wparentheses -Wundef -Wextra -Wwrite-strings -fdiagnostics-show-option -Wno-unused-parameter  -Iinclude -fPIC -mtune=native -march=native  -g3 -ggdb3 -DDEBUG -fno-strict-aliasing `wx-config --cxxflags` -o debug/ZBuffer.cpp.o srcstudent/ZBuffer.cpp
